<?xml version="1.0" encoding="UTF-8"?>
<!-- Generated by org.testng.reporters.JUnitXMLReporter -->
<testsuite hostname="Lenovo" ignored="0" name="Test" tests="1" failures="1" timestamp="26 Aug 2019 05:13:03 GMT" time="8.206" errors="0">
  <testcase name="login" time="0.022" classname="usage.Actimelogin">
    <failure type="java.lang.NullPointerException">
      <![CDATA[java.lang.NullPointerException
at generics.Genericmethods.findWebelement(Genericmethods.java:21)
at usage.Actimelogin.login(Actimelogin.java:24)
... Removed 25 stack frames]]>
    </failure>
  </testcase> <!-- login -->
</testsuite> <!-- Test -->
